2025-10-02T20:41:14.958Z [error]: Error in questionService | createQuestion | Error: type, difficulty, category, question, correct_answer, and incorrect_answers cannot be blank
2025-10-02T20:41:14.963Z [error]: Error in questionService | createQuestion | questionItem is undefined
2025-10-02T20:41:14.964Z [error]: Error in questionService | createQuestion | Error: Sent Question: undefined does not exist
2025-10-02T20:41:14.974Z [error]: Invalid status to update.
2025-10-02T20:41:14.977Z [error]: Error in questionService | updateQuestionStatus | TypeError: Cannot read properties of undefined (reading 'status')
2025-10-02T20:41:14.979Z [error]: Question is not pending
2025-10-02T20:46:56.260Z [error]: Error in questionService | createQuestion | Error: type, difficulty, category, question, correct_answer, and incorrect_answers cannot be blank
2025-10-02T20:46:56.264Z [error]: Error in questionService | createQuestion | questionItem is undefined
2025-10-02T20:46:56.264Z [error]: Error in questionService | createQuestion | Error: Sent Question: undefined does not exist
2025-10-02T20:46:56.271Z [error]: Invalid status to update.
2025-10-02T20:46:56.273Z [error]: Error in questionService | updateQuestionStatus | TypeError: Cannot read properties of undefined (reading 'status')
2025-10-02T20:46:56.274Z [error]: Question is not pending
2025-10-03T13:37:14.746Z [error]: Error in questionService | createQuestion | Error: type, difficulty, category, question, correct_answer, and incorrect_answers cannot be blank
2025-10-03T13:37:14.750Z [error]: Error in questionService | createQuestion | questionItem is undefined
2025-10-03T13:37:14.750Z [error]: Error in questionService | createQuestion | Error: Sent Question: undefined does not exist
2025-10-03T13:37:14.758Z [error]: Invalid status to update.
2025-10-03T13:37:14.760Z [error]: Error in questionService | updateQuestionStatus | TypeError: Cannot read properties of undefined (reading 'status')
2025-10-03T13:37:14.762Z [error]: Question is not pending
2025-10-03T13:37:49.635Z [error]: Error in questionService | createQuestion | Error: type, difficulty, category, question, correct_answer, and incorrect_answers cannot be blank
2025-10-03T13:37:49.641Z [error]: Error in questionService | createQuestion | questionItem is undefined
2025-10-03T13:37:49.641Z [error]: Error in questionService | createQuestion | Error: Sent Question: undefined does not exist
2025-10-03T13:37:49.647Z [error]: Invalid status to update.
2025-10-03T13:37:49.672Z [error]: Error in questionService | updateQuestionStatus | TypeError: Cannot read properties of undefined (reading 'status')
2025-10-03T13:37:49.679Z [error]: Question is not pending
2025-10-03T15:23:24.586Z [error]: Register error: Username already taken
2025-10-03T15:42:26.124Z [error]: Error in questionService | createQuestion | Error: type, difficulty, category, question, correct_answer, and incorrect_answers cannot be blank
2025-10-03T15:42:26.127Z [error]: Error in questionService | createQuestion | questionItem is undefined
2025-10-03T15:42:26.128Z [error]: Error in questionService | createQuestion | Error: Sent Question: undefined does not exist
2025-10-03T15:42:26.134Z [error]: Invalid status to update.
2025-10-03T15:42:26.137Z [error]: Error in questionService | updateQuestionStatus | TypeError: Cannot read properties of undefined (reading 'status')
2025-10-03T15:42:26.139Z [error]: Question is not pending
2025-10-06T13:31:30.840Z [error]: Error in questionService | createQuestion | Error: type, difficulty, category, question, correct_answer, and incorrect_answers cannot be blank
2025-10-06T13:31:30.845Z [error]: Error in questionService | createQuestion | questionItem is undefined
2025-10-06T13:31:30.845Z [error]: Error in questionService | createQuestion | Error: Sent Question: undefined does not exist
2025-10-06T13:31:30.853Z [error]: Invalid status to update.
2025-10-06T13:31:30.855Z [error]: Error in questionService | updateQuestionStatus | TypeError: Cannot read properties of undefined (reading 'status')
2025-10-06T13:31:30.856Z [error]: Question is not pending
2025-10-06T14:30:36.353Z [error]: Error in questionService | createQuestion | Error: type, difficulty, category, question, correct_answer, and incorrect_answers cannot be blank
2025-10-06T14:30:36.358Z [error]: Error in questionService | createQuestion | questionItem is undefined
2025-10-06T14:30:36.358Z [error]: Error in questionService | createQuestion | Error: Sent Question: undefined does not exist
2025-10-06T14:30:36.361Z [error]: Invalid status to update.
2025-10-06T14:30:36.366Z [error]: Error in questionService | updateQuestionStatus | TypeError: Cannot read properties of undefined (reading 'status')
2025-10-06T14:30:36.368Z [error]: Question is not pending
2025-10-06T15:17:19.745Z [error]: Error in questionService | createQuestion | Error: type, difficulty, category, question, correct_answer, and incorrect_answers cannot be blank
2025-10-06T15:17:19.749Z [error]: Error in questionService | createQuestion | questionItem is undefined
2025-10-06T15:17:19.750Z [error]: Error in questionService | createQuestion | Error: Sent Question: undefined does not exist
2025-10-06T15:17:19.754Z [error]: Invalid status to update.
2025-10-06T15:17:19.755Z [error]: Error in questionService | updateQuestionStatus | TypeError: Cannot read properties of undefined (reading 'status')
2025-10-06T15:17:19.757Z [error]: Question is not pending
2025-10-06T16:14:13.857Z [error]: Error in questionService | createQuestion | Error: type, difficulty, category, question, correct_answer, and incorrect_answers cannot be blank
2025-10-06T16:14:13.861Z [error]: Error in questionService | createQuestion | questionItem is undefined
2025-10-06T16:14:13.862Z [error]: Error in questionService | createQuestion | Error: Sent Question: undefined does not exist
2025-10-06T16:14:13.866Z [error]: Invalid status to update.
2025-10-06T16:14:13.866Z [error]: Error in questionService | updateQuestionStatus | TypeError: Cannot read properties of undefined (reading 'status')
2025-10-06T16:14:13.867Z [error]: Question is not pending
2025-10-08T17:31:00.833Z [error]: Login error: User not found
2025-10-08T17:31:04.389Z [error]: Login error: User not found
2025-10-08T17:31:10.184Z [error]: Login error: User not found
2025-10-08T17:31:38.714Z [error]: Login error: User not found
2025-10-09T19:50:23.783Z [error]: Error in questionController | getQuestionsByCategory | TypeError: apiQuestions is not iterable
2025-10-09T19:50:36.638Z [error]: Error in questionController | getQuestionsByCategory | TypeError: apiQuestions is not iterable
2025-10-09T19:54:49.787Z [error]: Error in questionController | getQuestionsByCategory | TypeError: apiQuestions is not iterable
2025-10-09T19:55:07.498Z [error]: Error in questionController | getQuestionsByCategory | TypeError: apiQuestions is not iterable
2025-10-09T19:57:54.832Z [error]: Error in questionController | getQuestionsByCategory | TypeError: apiQuestions is not iterable
2025-10-09T20:02:15.829Z [error]: Error in questionController | getQuestionsByCategory | TypeError: apiQuestions.results is not iterable
2025-10-09T20:02:15.904Z [error]: Error in questionController | getQuestionsByCategory | TypeError: Cannot read properties of undefined (reading 'results')
2025-10-09T20:10:03.609Z [error]: Error in questionController | getQuestionsByCategory | TypeError: apiQuestions.results is not iterable
2025-10-09T20:13:22.321Z [error]: Error in questionController | getQuestionsByCategory | TypeError: apiQuestions is not iterable
2025-10-09T20:14:52.530Z [error]: Error in questionController | getQuestionsByCategory | TypeError: apiQuestions is not iterable
2025-10-09T20:15:19.234Z [error]: Error in questionController | getQuestionsByCategory | TypeError: apiQuestions is not iterable
2025-10-09T20:17:35.282Z [error]: Error in questionController | getQuestionsByCategory | TypeError: apiQuestions is not iterable
2025-10-09T20:24:51.527Z [error]: Error in questionController | getQuestionsByCategory | TypeError: apiQuestions is not iterable
2025-10-09T20:28:03.716Z [error]: Error in questionController | getQuestionsByCategory | TypeError: apiQuestions is not iterable
2025-10-09T20:32:45.017Z [error]: Error in questionController | getQuestionsByCategory | TypeError: apiQuestions is not iterable
2025-10-09T20:46:06.663Z [error]: Error in questionController | getQuestionsByCategory | TypeError: apiQuestions is not iterable
2025-10-10T18:16:19.158Z [error]: Client requested number of questions greater than what is stored.
2025-10-10T18:17:18.803Z [error]: Client requested number of questions greater than what is stored.
2025-10-10T18:18:18.882Z [error]: Client requested number of questions greater than what is stored.
2025-10-10T18:19:25.104Z [error]: Client requested number of questions greater than what is stored.
2025-10-10T18:20:00.540Z [error]: Client requested number of questions greater than what is stored.
2025-10-10T19:26:14.012Z [error]: Client requested number of questions greater than what is stored.
2025-10-10T19:27:08.801Z [error]: Client requested number of questions greater than what is stored.
2025-10-10T19:28:47.049Z [error]: Client requested number of questions greater than what is stored.
2025-10-10T19:29:01.970Z [error]: Client requested number of questions greater than what is stored.
2025-10-10T19:29:25.695Z [error]: Client requested number of questions greater than what is stored.
2025-10-10T20:00:54.293Z [error]: Client requested number of questions greater than what is stored.
2025-10-13T17:44:51.814Z [error]: Error in questionController | getQuestionsByCategory | ReferenceError: type is not defined
2025-10-13T17:46:18.623Z [error]: Error in questionController | getQuestionsByCategory | ReferenceError: type is not defined
2025-10-13T18:07:44.891Z [error]: Login error: User not found
2025-10-14T02:19:40.755Z [error]: Client requested number of questions greater than what is stored.
2025-10-14T02:22:39.609Z [error]: Client requested number of questions greater than what is stored.
2025-10-14T02:23:50.318Z [error]: Client requested number of questions greater than what is stored.
2025-10-14T02:26:58.962Z [error]: Client requested number of questions greater than what is stored.
2025-10-14T02:27:40.408Z [error]: Client requested number of questions greater than what is stored.
2025-10-14T17:25:32.905Z [error]: Client requested number of questions greater than what is stored.
2025-10-14T17:25:40.982Z [error]: Client requested number of questions greater than what is stored.
2025-10-14T17:25:59.116Z [error]: Client requested number of questions greater than what is stored.
2025-10-14T17:28:17.225Z [error]: Client requested number of questions greater than what is stored.
2025-10-14T17:28:20.000Z [error]: Error in questionController | getQuestionsByCategory | TypeError: apiQuestions is not iterable
2025-10-14T17:36:32.159Z [error]: Register error: Username already taken
2025-10-14T17:36:34.614Z [error]: Register error: Username already taken
2025-10-14T17:36:57.261Z [error]: Login error: Query key condition not supported
2025-10-14T17:45:11.728Z [error]: Login error: Query key condition not supported
2025-10-14T17:45:26.972Z [error]: Login error: Query key condition not supported
2025-10-14T17:45:34.997Z [error]: Register error: Query key condition not supported
2025-10-14T17:45:37.311Z [error]: Login error: Query key condition not supported
2025-10-14T17:54:01.545Z [error]: Error in questionService | createQuestion | Error: type, difficulty, category, question, correct_answer, and incorrect_answers cannot be blank
2025-10-14T17:54:01.551Z [error]: Error in questionService | createQuestion | questionItem is undefined
2025-10-14T17:54:01.551Z [error]: Error in questionService | createQuestion | Error: Sent Question: undefined does not exist
2025-10-14T17:54:01.557Z [error]: Invalid status to update.
2025-10-14T17:54:01.560Z [error]: Error in questionService | updateQuestionStatus | TypeError: Cannot read properties of undefined (reading 'status')
2025-10-14T17:54:01.563Z [error]: Question is not pending
2025-10-14T19:41:24.516Z [error]: Finish game error: getUserById is not a function
2025-10-14T20:03:00.739Z [error]: Finish game error: easy_count is not defined
2025-10-14T21:45:57.201Z [error]: Client requested number of questions greater than what is stored.
2025-10-14T21:46:33.225Z [error]: Client requested number of questions greater than what is stored.
2025-10-14T21:46:35.437Z [error]: Error in questionController | getQuestionsByCategory | TypeError: apiQuestions is not iterable
2025-10-14T21:48:44.019Z [error]: Client requested number of questions greater than what is stored.
2025-10-14T21:50:18.323Z [error]: Client requested number of questions greater than what is stored.
2025-10-15T17:48:33.988Z [error]: Error in questionController | getQuestionsByCategory | TypeError: apiQuestions is not iterable
2025-10-15T17:48:41.277Z [error]: Error in questionController | getQuestionsByCategory | TypeError: apiQuestions is not iterable
2025-10-15T17:49:03.147Z [error]: Error in questionController | getQuestionsByCategory | TypeError: apiQuestions is not iterable
2025-10-15T17:50:12.460Z [error]: Error in questionController | getQuestionsByCategory | TypeError: apiQuestions is not iterable
2025-10-15T17:52:12.938Z [error]: Error in questionController | getQuestionsByCategory | TypeError: apiQuestions is not iterable
2025-10-15T17:55:47.247Z [error]: Error in questionController | getQuestionsByCategory | TypeError: apiQuestions is not iterable
2025-10-15T18:01:30.486Z [error]: Error in questionController | getQuestionsByCategory | TypeError: apiQuestions is not iterable
2025-10-15T18:02:41.487Z [error]: Error in questionController | getQuestionsByCategory | TypeError: apiQuestions is not iterable
2025-10-15T18:03:01.976Z [error]: Error in questionController | getQuestionsByCategory | TypeError: apiQuestions is not iterable
2025-10-15T18:04:05.706Z [error]: Error in questionController | getQuestionsByCategory | TypeError: apiQuestions is not iterable
2025-10-15T18:06:01.563Z [error]: Error in questionController | getQuestionsByCategory | TypeError: apiQuestions is not iterable
2025-10-15T18:06:40.336Z [error]: Error in questionController | getQuestionsByCategory | TypeError: apiQuestions is not iterable
2025-10-15T18:09:04.192Z [error]: Error in questionController | getQuestionsByCategory | TypeError: apiQuestions is not iterable
2025-10-15T18:10:14.326Z [error]: Error in questionController | getQuestionsByCategory | TypeError: apiQuestions is not iterable
2025-10-15T18:12:35.936Z [error]: Error in questionController | getQuestionsByCategory | TypeError: apiQuestions is not iterable
